Removed Pin From Net: NetName=GND_P Pin=C1-1
Removed Pin From Net: NetName=NetC1_2 Pin=C1-2
Removed Pin From Net: NetName=NetC2_1 Pin=C2-1
Removed Pin From Net: NetName=GND_D Pin=C2-2
Removed Pin From Net: NetName=NetC5_1 Pin=C7-1
Removed Pin From Net: NetName=NetC6_1 Pin=C7-2
Removed Pin From Net: NetName=GND_D Pin=C12-1
Removed Pin From Net: NetName=NetC2_1 Pin=C12-2
Removed Pin From Net: NetName=NetC10_1 Pin=C13-2
Removed Pin From Net: NetName=GND_D Pin=C?-2
Removed Pin From Net: NetName=NetJP1_3 Pin=R7-1
Removed Member From Class: ClassName=Sensor_V1 Member=C?
Change Component Footprint: Designator=U3 Old Footprint=opamp_741_dip New Footprint=LM741
Change Component Footprint: Designator=U4 Old Footprint=opamp_741_dip New Footprint=LM741
Change Component Footprint: Designator=R7 Old Footprint=RES1206 New Footprint=RESC0805
Change Component Footprint: Designator=R10 Old Footprint=RES1206 New Footprint=RESC0805
Change Component Footprint: Designator=R13 Old Footprint=RES1206 New Footprint=RESC0805
Change Component Footprint: Designator=R14 Old Footprint=RES1206 New Footprint=RESC0805
Change Component Footprint: Designator=C5 Old Footprint=tu 0402 New Footprint=Tu 0805_N
Change Component Footprint: Designator=C6 Old Footprint=tu 0402 New Footprint=Tu 0805_N
Change Component Footprint: Designator=C7 Old Footprint=tu 0402 New Footprint=Tu 0805_N
Change Component Footprint: Designator=C8 Old Footprint=tu 0402 New Footprint=Tu 0805_N
Change Component Footprint: Designator=C13 Old Footprint=tu 0402 New Footprint=Tu 0805_N
Change Component Footprint: Designator=C14 Old Footprint=tu 0402 New Footprint=Tu 0805_N
Change Component Footprint: Designator=C15 Old Footprint=tu 0402 New Footprint=Tu 0805_N
Change Component Footprint: Designator=C1 Old Footprint=Tu 0603 New Footprint=Tu 0805_N
Change Component Footprint: Designator=C2 Old Footprint=Tu 0603 New Footprint=Tu 0805_N
Change Component Footprint: Designator=C9 Old Footprint=Tu 0603 New Footprint=Tu 0805_N
Change Component Comment : Designator=C1 Old Comment=100nF New Comment=0.1uF
Change Component Comment : Designator=C2 Old Comment=100nF New Comment=0.1uF
Change Component Comment : Designator=C9 Old Comment=100nF New Comment=1uF
Change Component Designator: OldDesignator=C10 NewDesignator=C11
Change Component Designator: OldDesignator=C11 NewDesignator=C12
Added Component: Designator=C10(Tu 0805_N)
Added Component: Designator=C16(Tu 0805_N)
Added Pin To Net: NetName=NetC1_2 Pin=C1-1
Added Pin To Net: NetName=GND_P Pin=C1-2
Added Pin To Net: NetName=GND_D Pin=C2-1
Added Pin To Net: NetName=NetC2_1 Pin=C2-2
Added Pin To Net: NetName=NetC5_1 Pin=C8-1
Added Pin To Net: NetName=NetC6_1 Pin=C8-2
Added Pin To Net: NetName=GND_D Pin=C10-2
Added Pin To Net: NetName=NetC2_1 Pin=C13-2
Added Pin To Net: NetName=GND_D Pin=C16-1
Added Pin To Net: NetName=NetC10_1 Pin=C16-2
Added Pin To Net: NetName=NetJP1_3 Pin=R7-2
Change Net Name : Old Net Name=NetC1_2 New Net Name=NetC1_1
Change Net Name : Old Net Name=NetC2_1 New Net Name=NetC2_2
Change Net Name : Old Net Name=NetC10_1 New Net Name=NetC11_1
Added Pin To Net: NetName=NetC7_1 Pin=C7-1
Added Pin To Net: NetName=NetC7_1 Pin=R4-1
Added Pin To Net: NetName=NetC7_1 Pin=R7-1
Added Pin To Net: NetName=NetC7_1 Pin=U3-2
Added Net: Name=NetC7_1
Added Pin To Net: NetName=NetC7_2 Pin=C7-2
Added Pin To Net: NetName=NetC7_2 Pin=R2-1
Added Pin To Net: NetName=NetC7_2 Pin=R10-2
Added Pin To Net: NetName=NetC7_2 Pin=U3-3
Added Net: Name=NetC7_2
Added Pin To Net: NetName=NetC10_1 Pin=C10-1
Added Pin To Net: NetName=NetC10_1 Pin=R10-1
Added Pin To Net: NetName=NetC10_1 Pin=U4-2
Added Pin To Net: NetName=NetC10_1 Pin=U4-6
Added Net: Name=NetC10_1
Added Member To Class: ClassName=Sensor_V1 Member=Component C16 10nF
