Added Component: Designator=C1(Tu 0805_N)
Added Component: Designator=C2(Tu 0805_N)
Added Component: Designator=C3(Tu 0805_N)
Added Component: Designator=C4(Tu 0805_N)
Added Component: Designator=C5(Tu 0805_N)
Added Component: Designator=C6(Tu 0805_N)
Added Component: Designator=C7(Tu 0805_N)
Added Component: Designator=C8(Tu 0805_N)
Added Component: Designator=C9(Tu 0805_N)
Added Component: Designator=C10(Tu 0805_N)
Added Component: Designator=C11(tu_4x5.4mm)
Added Component: Designator=C12(tu_4x5.4mm)
Added Component: Designator=C13(Tu 0805_N)
Added Component: Designator=C14(Tu 0805_N)
Added Component: Designator=C15(Tu 0805_N)
Added Component: Designator=C16(Tu 0805_N)
Added Component: Designator=J1(domino_2pin_5.08mm)
Added Component: Designator=JP1(JP 1X6 DT)
Added Component: Designator=L1(LED-0805-Red)
Added Component: Designator=L2(LED-0805-Red)
Added Component: Designator=R1(RES1206)
Added Component: Designator=R2(RES1206)
Added Component: Designator=R3(RES_2512)
Added Component: Designator=R4(RES1206)
Added Component: Designator=R5(RES1206)
Added Component: Designator=R6(RES_2512)
Added Component: Designator=R7(RESC0805)
Added Component: Designator=R8(RES_2512)
Added Component: Designator=R9(RES_2512)
Added Component: Designator=R10(RESC0805)
Added Component: Designator=R13(RESC0805)
Added Component: Designator=R14(RESC0805)
Added Component: Designator=U1(SOIC_8_SO8W)
Added Component: Designator=U3(LM741)
Added Component: Designator=U5(TO-252)
Added Component: Designator=U?(B0505S/D-1W)
Added Pin To Net: NetName=GND_D Pin=C2-1
Added Pin To Net: NetName=GND_D Pin=C4-2
Added Pin To Net: NetName=GND_D Pin=C9-1
Added Pin To Net: NetName=GND_D Pin=C10-2
Added Pin To Net: NetName=GND_D Pin=C11-2
Added Pin To Net: NetName=GND_D Pin=C12-2
Added Pin To Net: NetName=GND_D Pin=C13-1
Added Pin To Net: NetName=GND_D Pin=C14-1
Added Pin To Net: NetName=GND_D Pin=C15-1
Added Pin To Net: NetName=GND_D Pin=C16-1
Added Pin To Net: NetName=GND_D Pin=JP1-2
Added Pin To Net: NetName=GND_D Pin=JP1-4
Added Pin To Net: NetName=GND_D Pin=JP1-6
Added Pin To Net: NetName=GND_D Pin=L1-2
Added Pin To Net: NetName=GND_D Pin=U1-5
Added Pin To Net: NetName=GND_D Pin=U3-4
Added Pin To Net: NetName=GND_D Pin=U5-1
Added Pin To Net: NetName=GND_D Pin=U?-1
Added Net: Name=GND_D
Added Pin To Net: NetName=GND_P Pin=C1-2
Added Pin To Net: NetName=GND_P Pin=C3-1
Added Pin To Net: NetName=GND_P Pin=C5-2
Added Pin To Net: NetName=GND_P Pin=C6-2
Added Pin To Net: NetName=GND_P Pin=J1-2
Added Pin To Net: NetName=GND_P Pin=L2-2
Added Pin To Net: NetName=GND_P Pin=R1-2
Added Pin To Net: NetName=GND_P Pin=R3-2
Added Pin To Net: NetName=GND_P Pin=U1-4
Added Pin To Net: NetName=GND_P Pin=U?-3
Added Net: Name=GND_P
Added Pin To Net: NetName=NetC1_1 Pin=C1-1
Added Pin To Net: NetName=NetC1_1 Pin=C3-2
Added Pin To Net: NetName=NetC1_1 Pin=R14-2
Added Pin To Net: NetName=NetC1_1 Pin=U1-1
Added Pin To Net: NetName=NetC1_1 Pin=U?-4
Added Net: Name=NetC1_1
Added Pin To Net: NetName=NetC2_2 Pin=C2-2
Added Pin To Net: NetName=NetC2_2 Pin=C4-1
Added Pin To Net: NetName=NetC2_2 Pin=C9-2
Added Pin To Net: NetName=NetC2_2 Pin=C12-1
Added Pin To Net: NetName=NetC2_2 Pin=C13-2
Added Pin To Net: NetName=NetC2_2 Pin=JP1-1
Added Pin To Net: NetName=NetC2_2 Pin=JP1-5
Added Pin To Net: NetName=NetC2_2 Pin=R13-2
Added Pin To Net: NetName=NetC2_2 Pin=U1-8
Added Pin To Net: NetName=NetC2_2 Pin=U3-7
Added Pin To Net: NetName=NetC2_2 Pin=U5-3
Added Pin To Net: NetName=NetC2_2 Pin=U?-2
Added Net: Name=NetC2_2
Added Pin To Net: NetName=NetC5_1 Pin=C5-1
Added Pin To Net: NetName=NetC5_1 Pin=C8-1
Added Pin To Net: NetName=NetC5_1 Pin=R5-1
Added Pin To Net: NetName=NetC5_1 Pin=U1-2
Added Net: Name=NetC5_1
Added Pin To Net: NetName=NetC6_1 Pin=C6-1
Added Pin To Net: NetName=NetC6_1 Pin=C8-2
Added Pin To Net: NetName=NetC6_1 Pin=R1-1
Added Pin To Net: NetName=NetC6_1 Pin=U1-3
Added Net: Name=NetC6_1
Added Pin To Net: NetName=NetC7_1 Pin=C7-1
Added Pin To Net: NetName=NetC7_1 Pin=R4-1
Added Pin To Net: NetName=NetC7_1 Pin=R7-1
Added Pin To Net: NetName=NetC7_1 Pin=U3-2
Added Net: Name=NetC7_1
Added Pin To Net: NetName=NetC7_2 Pin=C7-2
Added Pin To Net: NetName=NetC7_2 Pin=R2-1
Added Pin To Net: NetName=NetC7_2 Pin=R10-2
Added Pin To Net: NetName=NetC7_2 Pin=U3-3
Added Net: Name=NetC7_2
Added Pin To Net: NetName=NetC10_1 Pin=C10-1
Added Pin To Net: NetName=NetC10_1 Pin=C11-1
Added Pin To Net: NetName=NetC10_1 Pin=C14-2
Added Pin To Net: NetName=NetC10_1 Pin=C15-2
Added Pin To Net: NetName=NetC10_1 Pin=C16-2
Added Pin To Net: NetName=NetC10_1 Pin=R10-1
Added Pin To Net: NetName=NetC10_1 Pin=U5-2
Added Pin To Net: NetName=NetC10_1 Pin=U5-2
Added Net: Name=NetC10_1
Added Pin To Net: NetName=NetJ1_1 Pin=J1-1
Added Pin To Net: NetName=NetJ1_1 Pin=R9-1
Added Net: Name=NetJ1_1
Added Pin To Net: NetName=NetJP1_3 Pin=JP1-3
Added Pin To Net: NetName=NetJP1_3 Pin=R7-2
Added Pin To Net: NetName=NetJP1_3 Pin=U3-6
Added Net: Name=NetJP1_3
Added Pin To Net: NetName=NetL1_1 Pin=L1-1
Added Pin To Net: NetName=NetL1_1 Pin=R13-1
Added Net: Name=NetL1_1
Added Pin To Net: NetName=NetL2_1 Pin=L2-1
Added Pin To Net: NetName=NetL2_1 Pin=R14-1
Added Net: Name=NetL2_1
Added Pin To Net: NetName=NetR2_2 Pin=R2-2
Added Pin To Net: NetName=NetR2_2 Pin=U1-7
Added Net: Name=NetR2_2
Added Pin To Net: NetName=NetR3_1 Pin=R3-1
Added Pin To Net: NetName=NetR3_1 Pin=R5-2
Added Pin To Net: NetName=NetR3_1 Pin=R6-2
Added Net: Name=NetR3_1
Added Pin To Net: NetName=NetR4_2 Pin=R4-2
Added Pin To Net: NetName=NetR4_2 Pin=U1-6
Added Net: Name=NetR4_2
Added Pin To Net: NetName=NetR6_1 Pin=R6-1
Added Pin To Net: NetName=NetR6_1 Pin=R8-2
Added Net: Name=NetR6_1
Added Pin To Net: NetName=NetR8_1 Pin=R8-1
Added Pin To Net: NetName=NetR8_1 Pin=R9-2
Added Net: Name=NetR8_1
Added Class: Name=Sensor_V1
Added Room: Name=Sensor_V1
