Added Component: Designator=C1(Tu 0805_N)
Added Component: Designator=C2(Tu 0805_N)
Added Component: Designator=C3(Tu 0805_N)
Added Component: Designator=C4(Tu 0805_N)
Added Component: Designator=C5(Tu 0805_N)
Added Component: Designator=C6(Tu 0805_N)
Added Component: Designator=C7(Tu 0805_N)
Added Component: Designator=C8(Tu 0805_N)
Added Component: Designator=C9(Tu 0805_N)
Added Component: Designator=C10(Tu 0805_N)
Added Component: Designator=C11(tu_4x5.4mm)
Added Component: Designator=C12(tu_4x5.4mm)
Added Component: Designator=C13(Tu 0805_N)
Added Component: Designator=C14(Tu 0805_N)
Added Component: Designator=C15(Tu 0805_N)
Added Component: Designator=C16(Tu 0805_N)
Added Component: Designator=J1(domino_2pin_5.08mm)
Added Component: Designator=JP1(JP 1X6 DT)
Added Component: Designator=JP2(test_point)
Added Component: Designator=JP3(test_point)
Added Component: Designator=L1(LED-0805-Red)
Added Component: Designator=L2(LED-0805-Red)
Added Component: Designator=R1(RES1206)
Added Component: Designator=R2(RES1206)
Added Component: Designator=R4(RES1206)
Added Component: Designator=R5(RES1206)
Added Component: Designator=R6(RES1206)
Added Component: Designator=R7(RES1206)
Added Component: Designator=R8(RES1206)
Added Component: Designator=R9(RES1206)
Added Component: Designator=R10(RES1206)
Added Component: Designator=R11(RES1206)
Added Component: Designator=R12(RES1206)
Added Component: Designator=R13(RES1206)
Added Component: Designator=R14(RES1206)
Added Component: Designator=R15(RES1206)
Added Component: Designator=R16(RES1206)
Added Component: Designator=R17(RES1206)
Added Component: Designator=R?(RES1206)
Added Component: Designator=U1(SOIC_8_SO8W)
Added Component: Designator=U2(B0505S/D-1W)
Added Component: Designator=U4(TO-252)
Added Component: Designator=U?(SOT23_5)
Added Pin To Net: NetName=GND_P Pin=C1-2
Added Pin To Net: NetName=GND_D Pin=C2-1
Added Pin To Net: NetName=GND_P Pin=C3-1
Added Pin To Net: NetName=GND_D Pin=C4-2
Added Pin To Net: NetName=NetC5_1 Pin=C5-1
Added Pin To Net: NetName=GND_P Pin=C5-2
Added Pin To Net: NetName=NetC6_1 Pin=C6-1
Added Pin To Net: NetName=GND_P Pin=C6-2
Added Pin To Net: NetName=NetC6_1 Pin=C8-1
Added Pin To Net: NetName=NetC5_1 Pin=C8-2
Added Pin To Net: NetName=GND_D Pin=C9-1
Added Pin To Net: NetName=NetC10_1 Pin=C10-1
Added Pin To Net: NetName=GND_D Pin=C10-2
Added Pin To Net: NetName=NetC10_1 Pin=C11-1
Added Pin To Net: NetName=GND_D Pin=C11-2
Added Pin To Net: NetName=GND_D Pin=C12-2
Added Pin To Net: NetName=GND_D Pin=C13-1
Added Pin To Net: NetName=GND_D Pin=C14-1
Added Pin To Net: NetName=NetC10_1 Pin=C14-2
Added Pin To Net: NetName=GND_D Pin=C15-1
Added Pin To Net: NetName=NetC10_1 Pin=C15-2
Added Pin To Net: NetName=GND_D Pin=C16-1
Added Pin To Net: NetName=NetC10_1 Pin=C16-2
Added Pin To Net: NetName=NetJ1_1 Pin=J1-1
Added Pin To Net: NetName=GND_P Pin=J1-2
Added Pin To Net: NetName=GND_D Pin=JP1-2
Added Pin To Net: NetName=GND_D Pin=JP1-4
Added Pin To Net: NetName=GND_D Pin=JP1-6
Added Pin To Net: NetName=GND_D Pin=JP2-1
Added Pin To Net: NetName=NetL1_1 Pin=L1-1
Added Pin To Net: NetName=GND_D Pin=L1-2
Added Pin To Net: NetName=NetL2_1 Pin=L2-1
Added Pin To Net: NetName=GND_P Pin=L2-2
Added Pin To Net: NetName=NetC5_1 Pin=R1-1
Added Pin To Net: NetName=GND_P Pin=R1-2
Added Pin To Net: NetName=NetR2_2 Pin=R2-2
Added Pin To Net: NetName=NetR4_2 Pin=R4-2
Added Pin To Net: NetName=NetC6_1 Pin=R5-1
Added Pin To Net: NetName=NetJ1_1 Pin=R14-2
Added Pin To Net: NetName=NetC10_1 Pin=R15-2
Added Pin To Net: NetName=NetL1_1 Pin=R16-2
Added Pin To Net: NetName=NetL2_1 Pin=R17-2
Added Pin To Net: NetName=GND_P Pin=R?-1
Added Pin To Net: NetName=NetC6_1 Pin=U1-2
Added Pin To Net: NetName=NetC5_1 Pin=U1-3
Added Pin To Net: NetName=GND_P Pin=U1-4
Added Pin To Net: NetName=GND_D Pin=U1-5
Added Pin To Net: NetName=NetR4_2 Pin=U1-6
Added Pin To Net: NetName=NetR2_2 Pin=U1-7
Added Pin To Net: NetName=GND_D Pin=U2-1
Added Pin To Net: NetName=GND_P Pin=U2-3
Added Pin To Net: NetName=GND_D Pin=U4-1
Added Pin To Net: NetName=NetC10_1 Pin=U4-2
Added Pin To Net: NetName=NetC10_1 Pin=U4-2
Added Pin To Net: NetName=GND_D Pin=U?-5
Added Pin To Net: NetName=NetC1_1 Pin=C1-1
Added Pin To Net: NetName=NetC1_1 Pin=C3-2
Added Pin To Net: NetName=NetC1_1 Pin=R17-1
Added Pin To Net: NetName=NetC1_1 Pin=U1-1
Added Pin To Net: NetName=NetC1_1 Pin=U2-4
Added Net: Name=NetC1_1
Added Pin To Net: NetName=NetC2_2 Pin=C2-2
Added Pin To Net: NetName=NetC2_2 Pin=C4-1
Added Pin To Net: NetName=NetC2_2 Pin=C9-2
Added Pin To Net: NetName=NetC2_2 Pin=C12-1
Added Pin To Net: NetName=NetC2_2 Pin=C13-2
Added Pin To Net: NetName=NetC2_2 Pin=JP1-1
Added Pin To Net: NetName=NetC2_2 Pin=JP1-5
Added Pin To Net: NetName=NetC2_2 Pin=R16-1
Added Pin To Net: NetName=NetC2_2 Pin=U1-8
Added Pin To Net: NetName=NetC2_2 Pin=U2-2
Added Pin To Net: NetName=NetC2_2 Pin=U4-3
Added Pin To Net: NetName=NetC2_2 Pin=U?-2
Added Net: Name=NetC2_2
Added Pin To Net: NetName=NetC7_1 Pin=C7-1
Added Pin To Net: NetName=NetC7_1 Pin=R4-1
Added Pin To Net: NetName=NetC7_1 Pin=R7-2
Added Pin To Net: NetName=NetC7_1 Pin=U?-3
Added Net: Name=NetC7_1
Added Pin To Net: NetName=NetC7_2 Pin=C7-2
Added Pin To Net: NetName=NetC7_2 Pin=R2-1
Added Pin To Net: NetName=NetC7_2 Pin=R15-1
Added Pin To Net: NetName=NetC7_2 Pin=U?-4
Added Net: Name=NetC7_2
Added Pin To Net: NetName=NetJP1_3 Pin=JP1-3
Added Pin To Net: NetName=NetJP1_3 Pin=JP3-1
Added Pin To Net: NetName=NetJP1_3 Pin=R7-1
Added Pin To Net: NetName=NetJP1_3 Pin=U?-1
Added Net: Name=NetJP1_3
Added Pin To Net: NetName=NetR5_2 Pin=R5-2
Added Pin To Net: NetName=NetR5_2 Pin=R6-1
Added Pin To Net: NetName=NetR5_2 Pin=R?-2
Added Net: Name=NetR5_2
Added Pin To Net: NetName=NetR6_2 Pin=R6-2
Added Pin To Net: NetName=NetR6_2 Pin=R9-1
Added Net: Name=NetR6_2
Added Pin To Net: NetName=NetR8_1 Pin=R8-1
Added Pin To Net: NetName=NetR8_1 Pin=R13-2
Added Net: Name=NetR8_1
Added Pin To Net: NetName=NetR8_2 Pin=R8-2
Added Pin To Net: NetName=NetR8_2 Pin=R10-1
Added Net: Name=NetR8_2
Added Pin To Net: NetName=NetR9_2 Pin=R9-2
Added Pin To Net: NetName=NetR9_2 Pin=R11-1
Added Net: Name=NetR9_2
Added Pin To Net: NetName=NetR10_2 Pin=R10-2
Added Pin To Net: NetName=NetR10_2 Pin=R12-1
Added Net: Name=NetR10_2
Added Pin To Net: NetName=NetR11_2 Pin=R11-2
Added Pin To Net: NetName=NetR11_2 Pin=R13-1
Added Net: Name=NetR11_2
Added Pin To Net: NetName=NetR12_2 Pin=R12-2
Added Pin To Net: NetName=NetR12_2 Pin=R14-1
Added Net: Name=NetR12_2
Added Member To Class: ClassName=Sensor_V1 Member=Component C1 0.1uF
Added Member To Class: ClassName=Sensor_V1 Member=Component C2 0.1uF
Added Member To Class: ClassName=Sensor_V1 Member=Component C3 1uF
Added Member To Class: ClassName=Sensor_V1 Member=Component C4 1uF
Added Member To Class: ClassName=Sensor_V1 Member=Component C5 1nF
Added Member To Class: ClassName=Sensor_V1 Member=Component C6 1nF
Added Member To Class: ClassName=Sensor_V1 Member=Component C7 10nF
Added Member To Class: ClassName=Sensor_V1 Member=Component C8 10nF
Added Member To Class: ClassName=Sensor_V1 Member=Component C9 1uF
Added Member To Class: ClassName=Sensor_V1 Member=Component C10 1uF
Added Member To Class: ClassName=Sensor_V1 Member=Component C11 10uF_16V
Added Member To Class: ClassName=Sensor_V1 Member=Component C12 10uF_16V
Added Member To Class: ClassName=Sensor_V1 Member=Component C13 10nF
Added Member To Class: ClassName=Sensor_V1 Member=Component C14 10nF
Added Member To Class: ClassName=Sensor_V1 Member=Component C15 10nF
Added Member To Class: ClassName=Sensor_V1 Member=Component C16 10nF
Added Member To Class: ClassName=Sensor_V1 Member=Component J1 domino
Added Member To Class: ClassName=Sensor_V1 Member=Component JP1 JP 1x6 2.54
Added Member To Class: ClassName=Sensor_V1 Member=Component JP2 JP 1x1 2.54
Added Member To Class: ClassName=Sensor_V1 Member=Component JP3 JP 1x1 2.54
Added Member To Class: ClassName=Sensor_V1 Member=Component L1 LED 0805
Added Member To Class: ClassName=Sensor_V1 Member=Component L2 LED 0805
Added Member To Class: ClassName=Sensor_V1 Member=Component R1 10K
Added Member To Class: ClassName=Sensor_V1 Member=Component R2 10K
Added Member To Class: ClassName=Sensor_V1 Member=Component R4 10K
Added Member To Class: ClassName=Sensor_V1 Member=Component R5 10K
Added Member To Class: ClassName=Sensor_V1 Member=Component R6 1M
Added Member To Class: ClassName=Sensor_V1 Member=Component R7 4.99K
Added Member To Class: ClassName=Sensor_V1 Member=Component R8 2M
Added Member To Class: ClassName=Sensor_V1 Member=Component R9 2M
Added Member To Class: ClassName=Sensor_V1 Member=Component R10 2M
Added Member To Class: ClassName=Sensor_V1 Member=Component R11 2M
Added Member To Class: ClassName=Sensor_V1 Member=Component R12 2M
Added Member To Class: ClassName=Sensor_V1 Member=Component R13 2M
Added Member To Class: ClassName=Sensor_V1 Member=Component R14 2M
Added Member To Class: ClassName=Sensor_V1 Member=Component R15 4.99k
Added Member To Class: ClassName=Sensor_V1 Member=Component R16 10K
Added Member To Class: ClassName=Sensor_V1 Member=Component R17 10K
Added Member To Class: ClassName=Sensor_V1 Member=Component R? 1M
Added Member To Class: ClassName=Sensor_V1 Member=Component U1 AMC_1301
Added Member To Class: ClassName=Sensor_V1 Member=Component U2 DC_DC_5V
Added Member To Class: ClassName=Sensor_V1 Member=Component U4 AMS1117_1.5V
Added Member To Class: ClassName=Sensor_V1 Member=Component U? MCP6001
Added Room: Name=Sensor_V1
