Removed Pin From Net: NetName=GND_D Pin=JP1-4
Removed Pin From Net: NetName=NetC2_2 Pin=JP1-5
Removed Pin From Net: NetName=GND_D Pin=JP1-6
Change Component Footprint: Designator=JP1 Old Footprint=JP 1X6 DT New Footprint=XH2.54M-2
Change Component Comment : Designator=R10 Old Comment=10K New Comment=4.99k
Change Component Comment : Designator=JP1 Old Comment=JP 1x6 2.54 New Comment=JP 1x2 2.54
Change Component Designator: OldDesignator=R7 NewDesignator=1
Change Component Designator: OldDesignator=R8 NewDesignator=R7
Change Component Designator: OldDesignator=R9 NewDesignator=R8
Change Component Designator: OldDesignator=R10 NewDesignator=R9
Change Component Designator: OldDesignator=R11 NewDesignator=R10
Change Component Designator: OldDesignator=R12 NewDesignator=R11
Added Component: Designator=JP2(XH2.54M-2)
Added Component: Designator=JP3(XH2.54M-2)
Added Component: Designator=JP?(test_point)
Added Component: Designator=JP?(test_point)
Added Pin To Net: NetName=NetC2_2 Pin=JP2-1
Added Pin To Net: NetName=GND_D Pin=JP2-2
Added Pin To Net: NetName=GND_D Pin=JP3-2
Added Pin To Net: NetName=GND_D Pin=JP?-1
Change Net Name : Old Net Name=NetC7_1 New Net Name=Net1_2
Change Net Name : Old Net Name=NetR8_1 New Net Name=NetR7_1
Added Pin To Net: NetName=Net1_1 Pin=1-1
Added Pin To Net: NetName=Net1_1 Pin=JP3-1
Added Pin To Net: NetName=Net1_1 Pin=JP?-1
Added Pin To Net: NetName=Net1_1 Pin=U3-6
Added Net: Name=Net1_1
Added Member To Class: ClassName=Sensor_V1 Member=Component C8 10nF
Added Member To Class: ClassName=Sensor_V1 Member=Component JP2 JP 1x2 2.54
Added Member To Class: ClassName=Sensor_V1 Member=Component JP3 JP 1x2 2.54
Added Member To Class: ClassName=Sensor_V1 Member=Component JP? JP 1x1 2.54
Added Member To Class: ClassName=Sensor_V1 Member=Component JP? JP 1x1 2.54
Added Room: Name=Sensor_V1
