Change Component Footprint: Designator=Q1 Old Footprint=TO-220 New Footprint=TO 220 THermal 25x25
Change Component Footprint: Designator=Q2 Old Footprint=TO-220 New Footprint=TO 220 THermal 25x25
Change Component Footprint: Designator=Q3 Old Footprint=TO-220 New Footprint=TO 220 THermal 25x25
Change component parameters: Designator = "Arduino1" ("Arduino1"); Footprint = "Arduino Nano"; UniqueID = "\HKAYFAMW" ("\HKAYFAMW")
Change component parameters (AddParameter): Name = "Value"; Value = "Cau 1A"; VariantName = "[No Variations]"
Change component parameters: Designator = "DB1" ("DB1"); Footprint = "CAU 1AC"; UniqueID = "\JRBTNHYO" ("\JRBTNHYO")
Change component parameters (AddParameter): Name = "Value"; Value = "Cau 1A"; VariantName = "[No Variations]"
Change component parameters: Designator = "JDC" ("JDC"); Footprint = "DC-IN"; UniqueID = "\KPNOUVMC" ("\KPNOUVMC")
Change component parameters (AddParameter): Name = "Value"; Value = "Jac DC"; VariantName = "[No Variations]"
Change component parameters: Designator = "F1" ("F1"); Footprint = "FUSE"; UniqueID = "\QGDREMOI" ("\QGDREMOI")
Change component parameters (AddParameter): Name = "Designed by"; Value = "VanDungEvn"; VariantName = "[No Variations]"
Change component parameters (AddParameter): Name = "Value"; Value = "Fuse"; VariantName = "[No Variations]"
Change component parameters: Designator = "L2" ("L2"); Footprint = "IND_SINE"; UniqueID = "\UUPXQWKT" ("\UUPXQWKT")
Change component parameters (AddParameter): Name = "Code_IEC"; Value = "1005"; VariantName = "[No Variations]"
Change component parameters (AddParameter): Name = "Code_JEITA"; Value = "0402"; VariantName = "[No Variations]"
Change component parameters (AddParameter): Name = "LatestRevisionDate"; Value = "29-May-2009"; VariantName = "[No Variations]"
Change component parameters (AddParameter): Name = "LatestRevisionNote"; Value = "IPC-7351 Footprint Added."; VariantName = "[No Variations]"
Change component parameters (AddParameter): Name = "PackageDescription"; Value = "Chip Inductor"; VariantName = "[No Variations]"
Change component parameters (AddParameter): Name = "PackageReference"; Value = "0402-A"; VariantName = "[No Variations]"
Change component parameters (AddParameter): Name = "Published"; Value = "8-Jun-2000"; VariantName = "[No Variations]"
Change component parameters (AddParameter): Name = "Publisher"; Value = "Altium Limited"; VariantName = "[No Variations]"
Change component parameters (AddParameter): Name = "Value"; Value = "10mH"; VariantName = "[No Variations]"
Change component parameters: Designator = "L3" ("L3"); Footprint = "IND_SINE"; UniqueID = "\AOTUDWFX" ("\AOTUDWFX")
Change component parameters (AddParameter): Name = "Code_IEC"; Value = "1005"; VariantName = "[No Variations]"
Change component parameters (AddParameter): Name = "Code_JEITA"; Value = "0402"; VariantName = "[No Variations]"
Change component parameters (AddParameter): Name = "LatestRevisionDate"; Value = "29-May-2009"; VariantName = "[No Variations]"
Change component parameters (AddParameter): Name = "LatestRevisionNote"; Value = "IPC-7351 Footprint Added."; VariantName = "[No Variations]"
Change component parameters (AddParameter): Name = "PackageDescription"; Value = "Chip Inductor"; VariantName = "[No Variations]"
Change component parameters (AddParameter): Name = "PackageReference"; Value = "0402-A"; VariantName = "[No Variations]"
Change component parameters (AddParameter): Name = "Published"; Value = "8-Jun-2000"; VariantName = "[No Variations]"
Change component parameters (AddParameter): Name = "Publisher"; Value = "Altium Limited"; VariantName = "[No Variations]"
Change component parameters (AddParameter): Name = "Value"; Value = "10mH"; VariantName = "[No Variations]"
Change component parameters: Designator = "L4" ("L4"); Footprint = "IND_SINE"; UniqueID = "\GSPYYFTB" ("\GSPYYFTB")
Change component parameters (AddParameter): Name = "Code_IEC"; Value = "1005"; VariantName = "[No Variations]"
Change component parameters (AddParameter): Name = "Code_JEITA"; Value = "0402"; VariantName = "[No Variations]"
Change component parameters (AddParameter): Name = "LatestRevisionDate"; Value = "29-May-2009"; VariantName = "[No Variations]"
Change component parameters (AddParameter): Name = "LatestRevisionNote"; Value = "IPC-7351 Footprint Added."; VariantName = "[No Variations]"
Change component parameters (AddParameter): Name = "PackageDescription"; Value = "Chip Inductor"; VariantName = "[No Variations]"
Change component parameters (AddParameter): Name = "PackageReference"; Value = "0402-A"; VariantName = "[No Variations]"
Change component parameters (AddParameter): Name = "Published"; Value = "8-Jun-2000"; VariantName = "[No Variations]"
Change component parameters (AddParameter): Name = "Publisher"; Value = "Altium Limited"; VariantName = "[No Variations]"
Change component parameters (AddParameter): Name = "Value"; Value = "10mH"; VariantName = "[No Variations]"
Change Net Color : Old Net Color=RGB(158, 161, 117) New Net Color=RGB(255, 110, 110)
Change Net Color : Old Net Color=RGB(158, 161, 117) New Net Color=RGB(110, 110, 255)
Change Net Color : Old Net Color=RGB(158, 161, 117) New Net Color=Yellow
Change Net Color : Old Net Color=RGB(158, 161, 117) New Net Color=RGB(255, 110, 255)
Added Room: Name=SCH_3pha40V
