Removed Member From Class: ClassName=SCH_3pha40V Member=U8
Change Component Designator: OldDesignator=C3 NewDesignator=C6
Change Component Designator: OldDesignator=C4 NewDesignator=C7
Change Component Designator: OldDesignator=C5 NewDesignator=C10
Change Component Designator: OldDesignator=C6 NewDesignator=C3
Change Component Designator: OldDesignator=C7 NewDesignator=C4
Change Component Designator: OldDesignator=C10 NewDesignator=C11
Change Component Designator: OldDesignator=C11 NewDesignator=C12
Change Component Designator: OldDesignator=C12 NewDesignator=C13
Change Component Designator: OldDesignator=C13 NewDesignator=C5
Change Component Designator: OldDesignator=JDC NewDesignator=JDC1
Change Component Designator: OldDesignator=LO2 NewDesignator=LO3
Change Component Designator: OldDesignator=LO3 NewDesignator=LO2
Change Component Designator: OldDesignator=P1 NewDesignator=P5
Change Component Designator: OldDesignator=P2 NewDesignator=P3
Change Component Designator: OldDesignator=P2 NewDesignator=P23
Change Component Designator: OldDesignator=P3 NewDesignator=P6
Change Component Designator: OldDesignator=P3 NewDesignator=P13
Change Component Designator: OldDesignator=P4 NewDesignator=P2
Change Component Designator: OldDesignator=P4 NewDesignator=P17
Change Component Designator: OldDesignator=P5 NewDesignator=P4
Change Component Designator: OldDesignator=P5 NewDesignator=P7
Change Component Designator: OldDesignator=P6 NewDesignator=P11
Change Component Designator: OldDesignator=P6 NewDesignator=P18
Change Component Designator: OldDesignator=P7 NewDesignator=P12
Change Component Designator: OldDesignator=P8 NewDesignator=P21
Change Component Designator: OldDesignator=P9 NewDesignator=P15
Change Component Designator: OldDesignator=P10 NewDesignator=P14
Change Component Designator: OldDesignator=P11 NewDesignator=P29
Change Component Designator: OldDesignator=P12 NewDesignator=P16
Change Component Designator: OldDesignator=P13 NewDesignator=P27
Change Component Designator: OldDesignator=P14 NewDesignator=P24
Change Component Designator: OldDesignator=P15 NewDesignator=P19
Change Component Designator: OldDesignator=P16 NewDesignator=P20
Change Component Designator: OldDesignator=P17 NewDesignator=P28
Change Component Designator: OldDesignator=P18 NewDesignator=P22
Change Component Designator: OldDesignator=P19 NewDesignator=P25
Change Component Designator: OldDesignator=P20 NewDesignator=P26
Change Component Designator: OldDesignator=P21 NewDesignator=P8
Change Component Designator: OldDesignator=P22 NewDesignator=P9
Change Component Designator: OldDesignator=P23 NewDesignator=P10
Change Component Designator: OldDesignator=R1 NewDesignator=R3
Change Component Designator: OldDesignator=R2 NewDesignator=R10
Change Component Designator: OldDesignator=R3 NewDesignator=R14
Change Component Designator: OldDesignator=R4 NewDesignator=R5
Change Component Designator: OldDesignator=R5 NewDesignator=R7
Change Component Designator: OldDesignator=R6 NewDesignator=R9
Change Component Designator: OldDesignator=R7 NewDesignator=R11
Change Component Designator: OldDesignator=R8 NewDesignator=R12
Change Component Designator: OldDesignator=R9 NewDesignator=R13
Change Component Designator: OldDesignator=R10 NewDesignator=R16
Change Component Designator: OldDesignator=R11 NewDesignator=R18
Change Component Designator: OldDesignator=R12 NewDesignator=R20
Change Component Designator: OldDesignator=R13 NewDesignator=R21
Change Component Designator: OldDesignator=R14 NewDesignator=R22
Change Component Designator: OldDesignator=R15 NewDesignator=R23
Change Component Designator: OldDesignator=R16 NewDesignator=R4
Change Component Designator: OldDesignator=R17 NewDesignator=R6
Change Component Designator: OldDesignator=R18 NewDesignator=R8
Change Component Designator: OldDesignator=R19 NewDesignator=R15
Change Component Designator: OldDesignator=R20 NewDesignator=R17
Change Component Designator: OldDesignator=R21 NewDesignator=R19
Change Component Designator: OldDesignator=R22 NewDesignator=R1
Change Component Designator: OldDesignator=R23 NewDesignator=R2
Change Component Designator: OldDesignator=U5 NewDesignator=U4
Change Component Designator: OldDesignator=U6 NewDesignator=U7
Change Component Designator: OldDesignator=U7 NewDesignator=U5
Change Component Designator: OldDesignator=U8 NewDesignator=U6
Change Net Name : Old Net Name=NetC3_1 New Net Name=NetC6_1
Change Net Name : Old Net Name=NetC3_2 New Net Name=NetC6_2
Change Net Name : Old Net Name=NetC5_1 New Net Name=NetC10_1
Change Net Name : Old Net Name=NetC6_1 New Net Name=NetC3_1
Change Net Name : Old Net Name=NetC10_1 New Net Name=NetC11_1
Change Net Name : Old Net Name=NetC10_2 New Net Name=NetC11_2
Change Net Name : Old Net Name=NetC11_1 New Net Name=NetC12_1
Change Net Name : Old Net Name=NetC12_1 New Net Name=NetC13_1
Change Net Name : Old Net Name=NetP1_1 New Net Name=NetP5_1
Change Net Name : Old Net Name=NetP3_1 New Net Name=NetP6_1
Change Net Name : Old Net Name=NetP4_2 New Net Name=NetP2_2
Change Net Name : Old Net Name=NetP5_1 New Net Name=NetP7_1
Change Net Name : Old Net Name=NetP12_1 New Net Name=NetP16_1
Change Net Name : Old Net Name=NetP13_1 New Net Name=NetP27_1
Change Net Name : Old Net Name=NetP14_1 New Net Name=NetP24_1
Change Net Name : Old Net Name=NetP15_1 New Net Name=NetP19_1
Change Net Name : Old Net Name=NetP16_1 New Net Name=NetP20_1
Change Net Name : Old Net Name=NetP17_1 New Net Name=NetP28_1
Change Net Name : Old Net Name=NetR22_2 New Net Name=NetR1_2
Change Net Color : Old Net Color=RGB(158, 161, 117) New Net Color=Yellow
Change Net Color : Old Net Color=Yellow New Net Color=Default
Change Net Color : Old Net Color=RGB(158, 161, 117) New Net Color=RGB(255, 110, 110)
Change Net Color : Old Net Color=RGB(255, 110, 110) New Net Color=Default
Change Net Color : Old Net Color=RGB(255, 110, 255) New Net Color=Default
Added Member To Class: ClassName=SCH_3pha40V Member=Component P24 testpin
Added Member To Class: ClassName=SCH_3pha40V Member=Component P25 testpin
Added Member To Class: ClassName=SCH_3pha40V Member=Component P26 testpin
Added Member To Class: ClassName=SCH_3pha40V Member=Component P27 testpin
Added Member To Class: ClassName=SCH_3pha40V Member=Component P28 testpin
Added Member To Class: ClassName=SCH_3pha40V Member=Component P29 testpin
Added Member To Class: ClassName=SCH_3pha40V Member=Component U7 IR2103
Added Room: Name=SCH_3pha40V
