Removed Pin From Net: NetName=+5V Pin=P4-1
Removed Pin From Net: NetName=GND Pin=P4-2
Removed Pin From Net: NetName=NetP7_1 Pin=P7-1
Removed Pin From Net: NetName=GND Pin=P7-2
Removed Member From Class: ClassName=SCH_3pha40V Member=P7
Added Component: Designator=C6(capacitor_polar_25mmx40mm)
Added Component: Designator=C7(capacitor_polar_25mmx40mm)
Added Component: Designator=C13(Capacitor P15)
Added Component: Designator=F1(FUSE)
Added Component: Designator=JDC(DC-IN)
Added Component: Designator=R22(res_1wat)
Added Component: Designator=R23(res_1wat)
Added Component: Designator=U2(KBL)
Added Pin To Net: NetName=NetP7_1 Pin=C6-1
Added Pin To Net: NetName=GND Pin=C6-2
Added Pin To Net: NetName=NetP7_1 Pin=C7-1
Added Pin To Net: NetName=GND Pin=C7-2
Added Pin To Net: NetName=NetP7_1 Pin=C13-1
Added Pin To Net: NetName=GND Pin=C13-2
Added Pin To Net: NetName=+5V Pin=JDC-1
Added Pin To Net: NetName=GND Pin=JDC-2
Added Pin To Net: NetName=GND Pin=JDC-3
Added Pin To Net: NetName=GND Pin=R23-1
Added Pin To Net: NetName=NetP7_1 Pin=R23-2
Added Pin To Net: NetName=NetP7_1 Pin=U2-0
Added Pin To Net: NetName=GND Pin=U2-3
Change Net Name : Old Net Name=NetP7_1 New Net Name=NetC6_1
Added Pin To Net: NetName=NetF1_1 Pin=F1-1
Added Pin To Net: NetName=NetF1_1 Pin=F1-1
Added Pin To Net: NetName=NetF1_1 Pin=P4-1
Added Net: Name=NetF1_1
Added Pin To Net: NetName=NetF1_2 Pin=F1-2
Added Pin To Net: NetName=NetF1_2 Pin=F1-2
Added Pin To Net: NetName=NetF1_2 Pin=R22-1
Added Net: Name=NetF1_2
Added Pin To Net: NetName=NetP4_2 Pin=P4-2
Added Pin To Net: NetName=NetP4_2 Pin=U2-2
Added Net: Name=NetP4_2
Added Pin To Net: NetName=NetR22_2 Pin=R22-2
Added Pin To Net: NetName=NetR22_2 Pin=U2-1
Added Net: Name=NetR22_2
Added Member To Class: ClassName=SCH_3pha40V Member=Component C6 Capacitor Polar
Added Member To Class: ClassName=SCH_3pha40V Member=Component C7 Capacitor Polar
Added Member To Class: ClassName=SCH_3pha40V Member=Component C13 Capacitor
Added Member To Class: ClassName=SCH_3pha40V Member=Component F1 F1A
Added Member To Class: ClassName=SCH_3pha40V Member=Component JDC Jac DC
Added Member To Class: ClassName=SCH_3pha40V Member=Component R22 Resistor
Added Member To Class: ClassName=SCH_3pha40V Member=Component R23 Resistor
Added Member To Class: ClassName=SCH_3pha40V Member=Component U2 Diode bridge
