Change Component Designator: OldDesignator=  NewDesignator=P6
Added Component: Designator=P1(Tp_black_1p)
Added Component: Designator=P2(Tp_black_1p)
Added Component: Designator=P3(Tp_black_1p)
Added Component: Designator=P4(Tp_black_1p)
Added Component: Designator=P5(Tp_black_1p)
Added Component: Designator=P6(Tp_black_1p)
Added Component: Designator=P7(Tp_black_1p)
Added Component: Designator=P8(Tp_black_1p)
Added Component: Designator=P9(Tp_black_1p)
Added Component: Designator=P10(Tp_black_1p)
Added Component: Designator=P11(Tp_black_1p)
Added Component: Designator=P12(Tp_black_1p)
Added Component: Designator=P13(Tp_black_1p)
Added Component: Designator=P14(Tp_black_1p)
Added Component: Designator=P15(Tp_black_1p)
Added Component: Designator=P16(Tp_black_1p)
Added Component: Designator=P17(Tp_black_1p)
Added Component: Designator=P18(Tp_black_1p)
Added Component: Designator=P19(Tp_black_1p)
Added Component: Designator=P20(Tp_black_1p)
Added Component: Designator=P21(Tp_black_1p)
Added Component: Designator=P22(Tp_black_1p)
Added Component: Designator=P23(Tp_black_1p)
Added Pin To Net: NetName=NetC6_1 Pin=P1-1
Added Pin To Net: NetName=GND Pin=P2-1
Added Pin To Net: NetName=GND Pin=P3-1
Added Pin To Net: NetName=+5V Pin=P4-1
Added Pin To Net: NetName=+12V1 Pin=P5-1
Added Pin To Net: NetName=+12V2 Pin=P6-1
Added Pin To Net: NetName=+12V3 Pin=P7-1
Added Pin To Net: NetName=NetArduino1_A0 Pin=P8-1
Added Pin To Net: NetName=GND Pin=P9-1
Added Pin To Net: NetName=NetC6_1 Pin=P10-1
Added Pin To Net: NetName=GND Pin=P11-1
Added Pin To Net: NetName=NetC1_2 Pin=P18-1
Added Pin To Net: NetName=NetC3_2 Pin=P19-1
Added Pin To Net: NetName=NetC8_2 Pin=P20-1
Added Pin To Net: NetName=NetArduino1_D5 Pin=P21-1
Added Pin To Net: NetName=NetArduino1_D6 Pin=P22-1
Added Pin To Net: NetName=NetArduino1_D11 Pin=P23-1
Added Pin To Net: NetName=NetP12_1 Pin=P12-1
Added Pin To Net: NetName=NetP12_1 Pin=R16-1
Added Pin To Net: NetName=NetP12_1 Pin=U1-7
Added Net: Name=NetP12_1
Added Pin To Net: NetName=NetP13_1 Pin=P13-1
Added Pin To Net: NetName=NetP13_1 Pin=R19-1
Added Pin To Net: NetName=NetP13_1 Pin=U1-5
Added Net: Name=NetP13_1
Added Pin To Net: NetName=NetP14_1 Pin=P14-1
Added Pin To Net: NetName=NetP14_1 Pin=R20-1
Added Pin To Net: NetName=NetP14_1 Pin=U3-5
Added Net: Name=NetP14_1
Added Pin To Net: NetName=NetP15_1 Pin=P15-1
Added Pin To Net: NetName=NetP15_1 Pin=R17-1
Added Pin To Net: NetName=NetP15_1 Pin=U3-7
Added Net: Name=NetP15_1
Added Pin To Net: NetName=NetP16_1 Pin=P16-1
Added Pin To Net: NetName=NetP16_1 Pin=R18-1
Added Pin To Net: NetName=NetP16_1 Pin=U6-7
Added Net: Name=NetP16_1
Added Pin To Net: NetName=NetP17_1 Pin=P17-1
Added Pin To Net: NetName=NetP17_1 Pin=R21-1
Added Pin To Net: NetName=NetP17_1 Pin=U6-5
Added Net: Name=NetP17_1
Added Member To Class: ClassName=SCH_3pha40V Member=Component P1 testpin
Added Member To Class: ClassName=SCH_3pha40V Member=Component P2 testpin
Added Member To Class: ClassName=SCH_3pha40V Member=Component P3 testpin
Added Member To Class: ClassName=SCH_3pha40V Member=Component P4 testpin
Added Member To Class: ClassName=SCH_3pha40V Member=Component P5 testpin
Added Member To Class: ClassName=SCH_3pha40V Member=Component P6 testpin
Added Member To Class: ClassName=SCH_3pha40V Member=Component P7 testpin
Added Member To Class: ClassName=SCH_3pha40V Member=Component P8 testpin
Added Member To Class: ClassName=SCH_3pha40V Member=Component P9 testpin
Added Member To Class: ClassName=SCH_3pha40V Member=Component P10 testpin
Added Member To Class: ClassName=SCH_3pha40V Member=Component P11 testpin
Added Member To Class: ClassName=SCH_3pha40V Member=Component P12 testpin
Added Member To Class: ClassName=SCH_3pha40V Member=Component P13 testpin
Added Member To Class: ClassName=SCH_3pha40V Member=Component P14 testpin
Added Member To Class: ClassName=SCH_3pha40V Member=Component P15 testpin
Added Member To Class: ClassName=SCH_3pha40V Member=Component P16 testpin
Added Member To Class: ClassName=SCH_3pha40V Member=Component P17 testpin
Added Member To Class: ClassName=SCH_3pha40V Member=Component P18 testpin
Added Member To Class: ClassName=SCH_3pha40V Member=Component P19 testpin
Added Member To Class: ClassName=SCH_3pha40V Member=Component P20 testpin
Added Member To Class: ClassName=SCH_3pha40V Member=Component P21 testpin
Added Member To Class: ClassName=SCH_3pha40V Member=Component P22 testpin
Added Member To Class: ClassName=SCH_3pha40V Member=Component P23 testpin
Added Room: Name=SCH_3pha40V
