Added Component: Designator=Arduino1(Arduino Nano)
Added Component: Designator=C1(CP1/2)
Added Component: Designator=C2(CP1/2)
Added Component: Designator=C3(CP1/2)
Added Component: Designator=C4(CP1/2)
Added Component: Designator=C5(CP1/2)
Added Component: Designator=C6(CP1/2)
Added Component: Designator=C8(CP1/2)
Added Component: Designator=C9(CP1/2)
Added Component: Designator=C10(CP30)
Added Component: Designator=C11(CP30)
Added Component: Designator=C12(CP30)
Added Component: Designator=C?(CN1)
Added Component: Designator=D1(diode_dip)
Added Component: Designator=D2(diode_dip)
Added Component: Designator=D3(diode_dip)
Added Component: Designator=D4(diode_dip)
Added Component: Designator=D5(diode_dip)
Added Component: Designator=D6(diode_dip)
Added Component: Designator=D7(diode_dip)
Added Component: Designator=D8(diode_dip)
Added Component: Designator=D9(diode_dip)
Added Component: Designator=JDC(DC-IN)
Added Component: Designator=L1(led_blue_t/h_5mm)
Added Component: Designator=L2(IND_SINE)
Added Component: Designator=L3(IND_SINE)
Added Component: Designator=L4(IND_SINE)
Added Component: Designator=P1(HED2A)
Added Component: Designator=P2(Terminal 4pin)
Added Component: Designator=P3(Domino_2pin_5.08mm)
Added Component: Designator=Q1(TO-220)
Added Component: Designator=Q2(TO-220)
Added Component: Designator=Q3(TO-220)
Added Component: Designator=Q4(TO-220)
Added Component: Designator=Q5(TO-220)
Added Component: Designator=Q6(TO-220)
Added Component: Designator=R1(resistor_t/h_1/4w)
Added Component: Designator=R2(resistor_t/h_1/4w)
Added Component: Designator=R3(resistor_t/h_1/4w)
Added Component: Designator=R4(res_1wat)
Added Component: Designator=R5(res_1wat)
Added Component: Designator=R6(res_1wat)
Added Component: Designator=R7(res_1wat)
Added Component: Designator=R8(res_1wat)
Added Component: Designator=R9(res_1wat)
Added Component: Designator=R10(res_1wat)
Added Component: Designator=R11(res_1wat)
Added Component: Designator=R12(res_1wat)
Added Component: Designator=R13(res_1wat)
Added Component: Designator=R14(res_1wat)
Added Component: Designator=R15(res_1wat)
Added Component: Designator=R16(res_1wat)
Added Component: Designator=R17(res_1wat)
Added Component: Designator=R18(res_1wat)
Added Component: Designator=R19(res_1wat)
Added Component: Designator=R20(res_1wat)
Added Component: Designator=R21(res_1wat)
Added Component: Designator=U1(DIP-8_2.54_8_t/h)
Added Component: Designator=U2(Mosun_050x)
Added Component: Designator=U3(DIP-8_2.54_8_t/h)
Added Component: Designator=U4(TO-220)
Added Component: Designator=U5(Mosun_050x)
Added Component: Designator=U6(DIP-8_2.54_8_t/h)
Added Component: Designator=U7(Mosun_050x)
Added Component: Designator=U8(Mosun_050x)
Added Pin To Net: NetName=+2.5V Pin=C6-1
Added Pin To Net: NetName=+2.5V Pin=C?-1
Added Pin To Net: NetName=+2.5V Pin=P1-2
Added Pin To Net: NetName=+2.5V Pin=R3-1
Added Pin To Net: NetName=+2.5V Pin=U4-2
Added Net: Name=+2.5V
Added Pin To Net: NetName=+5VP Pin=C5-1
Added Pin To Net: NetName=+5VP Pin=U2-4
Added Pin To Net: NetName=+5VP Pin=U4-3
Added Net: Name=+5VP
Added Pin To Net: NetName=+5V Pin=Arduino1-VIN
Added Pin To Net: NetName=+5V Pin=JDC-1
Added Pin To Net: NetName=+5V Pin=R1-2
Added Pin To Net: NetName=+5V Pin=U2-2
Added Pin To Net: NetName=+5V Pin=U5-2
Added Pin To Net: NetName=+5V Pin=U7-2
Added Pin To Net: NetName=+5V Pin=U8-2
Added Net: Name=+5V
Added Pin To Net: NetName=+12V1 Pin=C2-1
Added Pin To Net: NetName=+12V1 Pin=D1-1
Added Pin To Net: NetName=+12V1 Pin=U1-1
Added Pin To Net: NetName=+12V1 Pin=U5-4
Added Net: Name=+12V1
Added Pin To Net: NetName=+12V2 Pin=C4-1
Added Pin To Net: NetName=+12V2 Pin=D2-1
Added Pin To Net: NetName=+12V2 Pin=U3-1
Added Pin To Net: NetName=+12V2 Pin=U7-4
Added Net: Name=+12V2
Added Pin To Net: NetName=+12V3 Pin=C9-1
Added Pin To Net: NetName=+12V3 Pin=D3-1
Added Pin To Net: NetName=+12V3 Pin=U6-1
Added Pin To Net: NetName=+12V3 Pin=U8-4
Added Net: Name=+12V3
Added Pin To Net: NetName=GND Pin=Arduino1-GND
Added Pin To Net: NetName=GND Pin=Arduino1-GND
Added Pin To Net: NetName=GND Pin=JDC-2
Added Pin To Net: NetName=GND Pin=JDC-3
Added Pin To Net: NetName=GND Pin=L1-2
Added Pin To Net: NetName=GND Pin=U2-1
Added Pin To Net: NetName=GND Pin=U5-1
Added Pin To Net: NetName=GND Pin=U7-1
Added Pin To Net: NetName=GND Pin=U8-1
Added Net: Name=GND
Added Pin To Net: NetName=GNP Pin=Arduino1-GND
Added Pin To Net: NetName=GNP Pin=Arduino1-GND
Added Pin To Net: NetName=GNP Pin=C5-2
Added Pin To Net: NetName=GNP Pin=C6-2
Added Pin To Net: NetName=GNP Pin=C?-2
Added Pin To Net: NetName=GNP Pin=U2-3
Added Pin To Net: NetName=GNP Pin=U4-1
Added Net: Name=GNP
Added Pin To Net: NetName=GNW1 Pin=C2-2
Added Pin To Net: NetName=GNW1 Pin=C4-2
Added Pin To Net: NetName=GNW1 Pin=C9-2
Added Pin To Net: NetName=GNW1 Pin=P3-2
Added Pin To Net: NetName=GNW1 Pin=Q4-3
Added Pin To Net: NetName=GNW1 Pin=Q5-3
Added Pin To Net: NetName=GNW1 Pin=Q6-3
Added Pin To Net: NetName=GNW1 Pin=R13-1
Added Pin To Net: NetName=GNW1 Pin=R14-1
Added Pin To Net: NetName=GNW1 Pin=R15-1
Added Pin To Net: NetName=GNW1 Pin=U1-4
Added Pin To Net: NetName=GNW1 Pin=U3-4
Added Pin To Net: NetName=GNW1 Pin=U5-3
Added Pin To Net: NetName=GNW1 Pin=U6-4
Added Pin To Net: NetName=GNW1 Pin=U7-3
Added Pin To Net: NetName=GNW1 Pin=U8-3
Added Net: Name=GNW1
Added Pin To Net: NetName=NetArduino1_A0 Pin=Arduino1-A0
Added Net: Name=NetArduino1_A0
Added Pin To Net: NetName=NetArduino1_D3 Pin=Arduino1-D3
Added Pin To Net: NetName=NetArduino1_D3 Pin=U1-2
Added Net: Name=NetArduino1_D3
Added Pin To Net: NetName=NetArduino1_D5 Pin=Arduino1-D5
Added Pin To Net: NetName=NetArduino1_D5 Pin=U1-3
Added Net: Name=NetArduino1_D5
Added Pin To Net: NetName=NetArduino1_D6 Pin=Arduino1-D6
Added Pin To Net: NetName=NetArduino1_D6 Pin=U3-2
Added Net: Name=NetArduino1_D6
Added Pin To Net: NetName=NetArduino1_D9 Pin=Arduino1-D9
Added Pin To Net: NetName=NetArduino1_D9 Pin=U3-3
Added Net: Name=NetArduino1_D9
Added Pin To Net: NetName=NetArduino1_D10 Pin=Arduino1-D10
Added Pin To Net: NetName=NetArduino1_D10 Pin=U6-2
Added Net: Name=NetArduino1_D10
Added Pin To Net: NetName=NetArduino1_D11 Pin=Arduino1-D11
Added Pin To Net: NetName=NetArduino1_D11 Pin=U6-3
Added Net: Name=NetArduino1_D11
Added Pin To Net: NetName=NetC1_1 Pin=C1-1
Added Pin To Net: NetName=NetC1_1 Pin=D1-2
Added Pin To Net: NetName=NetC1_1 Pin=U1-8
Added Net: Name=NetC1_1
Added Pin To Net: NetName=NetC1_2 Pin=C1-2
Added Pin To Net: NetName=NetC1_2 Pin=L2-1
Added Pin To Net: NetName=NetC1_2 Pin=Q1-3
Added Pin To Net: NetName=NetC1_2 Pin=Q4-2
Added Pin To Net: NetName=NetC1_2 Pin=R7-1
Added Pin To Net: NetName=NetC1_2 Pin=U1-6
Added Net: Name=NetC1_2
Added Pin To Net: NetName=NetC3_1 Pin=C3-1
Added Pin To Net: NetName=NetC3_1 Pin=D2-2
Added Pin To Net: NetName=NetC3_1 Pin=U3-8
Added Net: Name=NetC3_1
Added Pin To Net: NetName=NetC3_2 Pin=C3-2
Added Pin To Net: NetName=NetC3_2 Pin=L3-1
Added Pin To Net: NetName=NetC3_2 Pin=Q2-3
Added Pin To Net: NetName=NetC3_2 Pin=Q5-2
Added Pin To Net: NetName=NetC3_2 Pin=R8-1
Added Pin To Net: NetName=NetC3_2 Pin=U3-6
Added Net: Name=NetC3_2
Added Pin To Net: NetName=NetC8_1 Pin=C8-1
Added Pin To Net: NetName=NetC8_1 Pin=D3-2
Added Pin To Net: NetName=NetC8_1 Pin=U6-8
Added Net: Name=NetC8_1
Added Pin To Net: NetName=NetC8_2 Pin=C8-2
Added Pin To Net: NetName=NetC8_2 Pin=L4-1
Added Pin To Net: NetName=NetC8_2 Pin=Q3-3
Added Pin To Net: NetName=NetC8_2 Pin=Q6-2
Added Pin To Net: NetName=NetC8_2 Pin=R9-1
Added Pin To Net: NetName=NetC8_2 Pin=U6-6
Added Net: Name=NetC8_2
Added Pin To Net: NetName=NetC10_1 Pin=C10-1
Added Pin To Net: NetName=NetC10_1 Pin=L2-2
Added Pin To Net: NetName=NetC10_1 Pin=P2-1
Added Net: Name=NetC10_1
Added Pin To Net: NetName=NetC10_2 Pin=C10-2
Added Pin To Net: NetName=NetC10_2 Pin=C11-2
Added Pin To Net: NetName=NetC10_2 Pin=C12-2
Added Pin To Net: NetName=NetC10_2 Pin=P2-4
Added Net: Name=NetC10_2
Added Pin To Net: NetName=NetC11_1 Pin=C11-1
Added Pin To Net: NetName=NetC11_1 Pin=L3-2
Added Pin To Net: NetName=NetC11_1 Pin=P2-2
Added Net: Name=NetC11_1
Added Pin To Net: NetName=NetC12_1 Pin=C12-1
Added Pin To Net: NetName=NetC12_1 Pin=L4-2
Added Pin To Net: NetName=NetC12_1 Pin=P2-3
Added Net: Name=NetC12_1
Added Pin To Net: NetName=NetD4_1 Pin=D4-1
Added Pin To Net: NetName=NetD4_1 Pin=Q1-1
Added Pin To Net: NetName=NetD4_1 Pin=R4-2
Added Pin To Net: NetName=NetD4_1 Pin=R7-2
Added Net: Name=NetD4_1
Added Pin To Net: NetName=NetD4_2 Pin=D4-2
Added Pin To Net: NetName=NetD4_2 Pin=R4-1
Added Pin To Net: NetName=NetD4_2 Pin=R16-2
Added Net: Name=NetD4_2
Added Pin To Net: NetName=NetD5_1 Pin=D5-1
Added Pin To Net: NetName=NetD5_1 Pin=Q2-1
Added Pin To Net: NetName=NetD5_1 Pin=R5-2
Added Pin To Net: NetName=NetD5_1 Pin=R8-2
Added Net: Name=NetD5_1
Added Pin To Net: NetName=NetD5_2 Pin=D5-2
Added Pin To Net: NetName=NetD5_2 Pin=R5-1
Added Pin To Net: NetName=NetD5_2 Pin=R17-2
Added Net: Name=NetD5_2
Added Pin To Net: NetName=NetD6_1 Pin=D6-1
Added Pin To Net: NetName=NetD6_1 Pin=Q3-1
Added Pin To Net: NetName=NetD6_1 Pin=R6-2
Added Pin To Net: NetName=NetD6_1 Pin=R9-2
Added Net: Name=NetD6_1
Added Pin To Net: NetName=NetD6_2 Pin=D6-2
Added Pin To Net: NetName=NetD6_2 Pin=R6-1
Added Pin To Net: NetName=NetD6_2 Pin=R18-2
Added Net: Name=NetD6_2
Added Pin To Net: NetName=NetD7_1 Pin=D7-1
Added Pin To Net: NetName=NetD7_1 Pin=Q4-1
Added Pin To Net: NetName=NetD7_1 Pin=R10-2
Added Pin To Net: NetName=NetD7_1 Pin=R13-2
Added Net: Name=NetD7_1
Added Pin To Net: NetName=NetD7_2 Pin=D7-2
Added Pin To Net: NetName=NetD7_2 Pin=R10-1
Added Pin To Net: NetName=NetD7_2 Pin=R19-2
Added Net: Name=NetD7_2
Added Pin To Net: NetName=NetD8_1 Pin=D8-1
Added Pin To Net: NetName=NetD8_1 Pin=Q5-1
Added Pin To Net: NetName=NetD8_1 Pin=R11-2
Added Pin To Net: NetName=NetD8_1 Pin=R14-2
Added Net: Name=NetD8_1
Added Pin To Net: NetName=NetD8_2 Pin=D8-2
Added Pin To Net: NetName=NetD8_2 Pin=R11-1
Added Pin To Net: NetName=NetD8_2 Pin=R20-2
Added Net: Name=NetD8_2
Added Pin To Net: NetName=NetD9_1 Pin=D9-1
Added Pin To Net: NetName=NetD9_1 Pin=Q6-1
Added Pin To Net: NetName=NetD9_1 Pin=R12-2
Added Pin To Net: NetName=NetD9_1 Pin=R15-2
Added Net: Name=NetD9_1
Added Pin To Net: NetName=NetD9_2 Pin=D9-2
Added Pin To Net: NetName=NetD9_2 Pin=R12-1
Added Pin To Net: NetName=NetD9_2 Pin=R21-2
Added Net: Name=NetD9_2
Added Pin To Net: NetName=NetL1_1 Pin=L1-1
Added Pin To Net: NetName=NetL1_1 Pin=R1-1
Added Net: Name=NetL1_1
Added Pin To Net: NetName=NetP1_1 Pin=P1-1
Added Pin To Net: NetName=NetP1_1 Pin=R2-2
Added Net: Name=NetP1_1
Added Pin To Net: NetName=NetP3_1 Pin=P3-1
Added Pin To Net: NetName=NetP3_1 Pin=Q1-2
Added Pin To Net: NetName=NetP3_1 Pin=Q2-2
Added Pin To Net: NetName=NetP3_1 Pin=Q3-2
Added Net: Name=NetP3_1
Added Pin To Net: NetName=NetR2_1 Pin=R2-1
Added Pin To Net: NetName=NetR2_1 Pin=R3-2
Added Net: Name=NetR2_1
Added Pin To Net: NetName=NetR16_1 Pin=R16-1
Added Pin To Net: NetName=NetR16_1 Pin=U1-7
Added Net: Name=NetR16_1
Added Pin To Net: NetName=NetR17_1 Pin=R17-1
Added Pin To Net: NetName=NetR17_1 Pin=U3-7
Added Net: Name=NetR17_1
Added Pin To Net: NetName=NetR18_1 Pin=R18-1
Added Pin To Net: NetName=NetR18_1 Pin=U6-7
Added Net: Name=NetR18_1
Added Pin To Net: NetName=NetR19_1 Pin=R19-1
Added Pin To Net: NetName=NetR19_1 Pin=U1-5
Added Net: Name=NetR19_1
Added Pin To Net: NetName=NetR20_1 Pin=R20-1
Added Pin To Net: NetName=NetR20_1 Pin=U3-5
Added Net: Name=NetR20_1
Added Pin To Net: NetName=NetR21_1 Pin=R21-1
Added Pin To Net: NetName=NetR21_1 Pin=U6-5
Added Net: Name=NetR21_1
Added Class: Name=SCH_3pha40V
Added Room: Name=SCH_3pha40V
